<?xml version="1.0" encoding="UTF-8"?>
<!-- Generated by org.testng.reporters.JUnitXMLReporter -->
<testsuite ignored="7" hostname="LAPTOP-GVEDGFBQ" failures="0" tests="1" name="Default test" time="7.152" errors="0" timestamp="2024-07-01T11:32:49 IST">
  <testcase classname="Pratice.work_space" name="Drop" time="1.771"/>
  <testcase classname="Pratice.work_space" name="input" time="0.0">
    <ignored/>
  </testcase> <!-- input -->
  <testcase classname="Pratice.work_space" name="HandleFrames" time="0.0">
    <ignored/>
  </testcase> <!-- HandleFrames -->
  <testcase classname="Pratice.work_space" name="Drag" time="0.0">
    <ignored/>
  </testcase> <!-- Drag -->
  <testcase classname="Pratice.work_space" name="HadnlingAlerts" time="0.0">
    <ignored/>
  </testcase> <!-- HadnlingAlerts -->
  <testcase classname="Pratice.work_space" name="buttons" time="0.0">
    <ignored/>
  </testcase> <!-- buttons -->
  <testcase classname="Pratice.work_space" name="CaptureSS" time="0.0">
    <ignored/>
  </testcase> <!-- CaptureSS -->
  <testcase classname="Pratice.work_space" name="DropDown" time="0.0">
    <ignored/>
  </testcase> <!-- DropDown -->
</testsuite> <!-- Default test -->
