<?xml version="1.0" encoding="UTF-8"?>
<testng-results ignored="0" total="1" passed="1" failed="0" skipped="0">
  <reporter-output>
  </reporter-output>
  <suite started-at="2024-07-01T11:32:42 IST" name="Default suite" finished-at="2024-07-01T11:32:49 IST" duration-ms="7152">
    <groups>
    </groups>
    <test started-at="2024-07-01T11:32:42 IST" name="Default test" finished-at="2024-07-01T11:32:49 IST" duration-ms="7152">
      <class name="Pratice.work_space">
        <test-method is-config="true" signature="beforemethod()[pri:0, instance:Pratice.work_space@1a942c18]" started-at="2024-07-01T11:32:42 IST" name="beforemethod" finished-at="2024-07-01T11:32:47 IST" duration-ms="5122" status="PASS">
          <reporter-output>
          </reporter-output>
        </test-method> <!-- beforemethod -->
        <test-method signature="Drop()[pri:0, instance:Pratice.work_space@1a942c18]" started-at="2024-07-01T11:32:47 IST" name="Drop" finished-at="2024-07-01T11:32:49 IST" duration-ms="1771" status="PASS">
          <reporter-output>
          </reporter-output>
        </test-method> <!-- Drop -->
        <test-method is-config="true" signature="aftermethod()[pri:0, instance:Pratice.work_space@1a942c18]" started-at="2024-07-01T11:32:49 IST" name="aftermethod" finished-at="2024-07-01T11:32:49 IST" duration-ms="189" status="PASS">
          <reporter-output>
          </reporter-output>
        </test-method> <!-- aftermethod -->
      </class> <!-- Pratice.work_space -->
    </test> <!-- Default test -->
  </suite> <!-- Default suite -->
</testng-results>
