<?xml version="1.0" encoding="UTF-8"?>
<testng-results ignored="0" total="1" passed="1" failed="0" skipped="0">
  <reporter-output>
  </reporter-output>
  <suite started-at="2024-04-16T12:19:06 IST" name="Default suite" finished-at="2024-04-16T12:19:13 IST" duration-ms="6780">
    <groups>
    </groups>
    <test started-at="2024-04-16T12:19:06 IST" name="Default test" finished-at="2024-04-16T12:19:13 IST" duration-ms="6780">
      <class name="User_Test.Test_Cases">
        <test-method is-config="true" signature="beforemethod()[pri:0, instance:User_Test.Test_Cases@3e27ba32]" started-at="2024-04-16T12:19:06 IST" name="beforemethod" finished-at="2024-04-16T12:19:11 IST" duration-ms="4570" status="PASS">
          <reporter-output>
          </reporter-output>
        </test-method> <!-- beforemethod -->
        <test-method signature="TC_017()[pri:0, instance:User_Test.Test_Cases@3e27ba32]" started-at="2024-04-16T12:19:11 IST" name="TC_017" finished-at="2024-04-16T12:19:13 IST" duration-ms="1935" status="PASS">
          <reporter-output>
          </reporter-output>
        </test-method> <!-- TC_017 -->
        <test-method is-config="true" signature="aftermethod()[pri:0, instance:User_Test.Test_Cases@3e27ba32]" started-at="2024-04-16T12:19:13 IST" name="aftermethod" finished-at="2024-04-16T12:19:13 IST" duration-ms="208" status="PASS">
          <reporter-output>
          </reporter-output>
        </test-method> <!-- aftermethod -->
      </class> <!-- User_Test.Test_Cases -->
    </test> <!-- Default test -->
  </suite> <!-- Default suite -->
</testng-results>
