<?xml version="1.0" encoding="UTF-8"?>
<!-- Generated by org.testng.reporters.JUnitXMLReporter -->
<testsuite ignored="4" hostname="LAPTOP-GVEDGFBQ" failures="0" tests="1" name="Default test" time="18.312" errors="0" timestamp="2024-06-24T16:35:51 IST">
  <testcase classname="AminTest.NewTest" name="TC_001" time="4.918"/>
  <testcase classname="AminTest.NewTest" name="TC_005" time="0.0">
    <ignored/>
  </testcase> <!-- TC_005 -->
  <testcase classname="AminTest.NewTest" name="TC_006" time="0.0">
    <ignored/>
  </testcase> <!-- TC_006 -->
  <testcase classname="AminTest.NewTest" name="TC_013" time="0.0">
    <ignored/>
  </testcase> <!-- TC_013 -->
  <testcase classname="AminTest.NewTest" name="TC_002" time="0.0">
    <ignored/>
  </testcase> <!-- TC_002 -->
</testsuite> <!-- Default test -->
