<?xml version="1.0" encoding="UTF-8"?>
<testng-results ignored="0" total="1" passed="1" failed="0" skipped="0">
  <reporter-output>
  </reporter-output>
  <suite started-at="2024-06-24T16:35:33 IST" name="Default suite" finished-at="2024-06-24T16:35:51 IST" duration-ms="18312">
    <groups>
    </groups>
    <test started-at="2024-06-24T16:35:33 IST" name="Default test" finished-at="2024-06-24T16:35:51 IST" duration-ms="18312">
      <class name="AminTest.NewTest">
        <test-method is-config="true" signature="beforemethod()[pri:0, instance:AminTest.NewTest@46cdf8bd]" started-at="2024-06-24T16:35:33 IST" name="beforemethod" finished-at="2024-06-24T16:35:46 IST" duration-ms="13170" status="PASS">
          <reporter-output>
          </reporter-output>
        </test-method> <!-- beforemethod -->
        <test-method signature="TC_001()[pri:0, instance:AminTest.NewTest@46cdf8bd]" started-at="2024-06-24T16:35:46 IST" name="TC_001" finished-at="2024-06-24T16:35:51 IST" duration-ms="4918" status="PASS">
          <reporter-output>
          </reporter-output>
        </test-method> <!-- TC_001 -->
        <test-method is-config="true" signature="aftermethod()[pri:0, instance:AminTest.NewTest@46cdf8bd]" started-at="2024-06-24T16:35:51 IST" name="aftermethod" finished-at="2024-06-24T16:35:51 IST" duration-ms="164" status="PASS">
          <reporter-output>
          </reporter-output>
        </test-method> <!-- aftermethod -->
      </class> <!-- AminTest.NewTest -->
    </test> <!-- Default test -->
  </suite> <!-- Default suite -->
</testng-results>
